Starting omp job
Maximum number of threads: 4
Number of threads in use: 4
Hello from thread 0
Hello from thread 3
Hello from thread 1
Hello from thread 2
Iteration 0, L2 distance: 0.00100695, Time: 2.81334e-05 seconds
Iteration 1000, L2 distance: 0.000126061, Time: 1.71661e-05 seconds
Iteration 2000, L2 distance: 3.48213e-05, Time: 2.00272e-05 seconds
Iteration 3000, L2 distance: 9.88034e-06, Time: 1.5974e-05 seconds
Iteration 4000, L2 distance: 2.80486e-06, Time: 1.50204e-05 seconds
Iterations: 4821
Final L2 error: 0.278547
Elapsed time: 0.0786312 seconds
Main loop bandwidth: 55.3977 GB/s
Convergence loop bandwidth: 36.2605 GB/s
Total time in parallel region: 0.040118 seconds
Total time in convergence calculation: 0.0204303 seconds
Percentage of time in parallel: 51.0205%
All Steps completed.
