L2 distance at time step 0: 1.39787e-05
L2 distance at time step 1000: 1.37049e-05
L2 distance at time step 2000: 1.34365e-05
L2 distance at time step 3000: 1.31734e-05
L2 distance at time step 4000: 1.29154e-05
L2 distance at time step 5000: 1.26624e-05
L2 distance at time step 6000: 1.24144e-05
L2 distance at time step 7000: 1.21713e-05
L2 distance at time step 8000: 1.19329e-05
L2 distance at time step 9000: 1.16992e-05
L2 distance at time step 10000: 1.14701e-05
L2 distance at time step 11000: 1.12455e-05
L2 distance at time step 12000: 1.10252e-05
L2 distance at time step 13000: 1.08093e-05
L2 distance at time step 14000: 1.05976e-05
L2 distance at time step 15000: 1.03901e-05
L2 distance at time step 16000: 1.01866e-05
L2 distance at time step 17000: 9.98709e-06
L2 distance at time step 18000: 9.7915e-06
L2 distance at time step 19000: 9.59973e-06
L2 distance at time step 20000: 9.41173e-06
L2 distance at time step 21000: 9.2274e-06
L2 distance at time step 22000: 9.04669e-06
L2 distance at time step 23000: 8.86951e-06
L2 distance at time step 24000: 8.69581e-06
L2 distance at time step 25000: 8.5255e-06
L2 distance at time step 26000: 8.35854e-06
L2 distance at time step 27000: 8.19484e-06
L2 distance at time step 28000: 8.03435e-06
L2 distance at time step 29000: 7.877e-06
L2 distance at time step 30000: 7.72273e-06
L2 distance at time step 31000: 7.57148e-06
L2 distance at time step 32000: 7.4232e-06
L2 distance at time step 33000: 7.27782e-06
L2 distance at time step 34000: 7.13529e-06
L2 distance at time step 35000: 6.99554e-06
L2 distance at time step 36000: 6.85854e-06
L2 distance at time step 37000: 6.72422e-06
L2 distance at time step 38000: 6.59253e-06
L2 distance at time step 39000: 6.46342e-06
L2 distance at time step 40000: 6.33683e-06
L2 distance at time step 41000: 6.21273e-06
L2 distance at time step 42000: 6.09105e-06
L2 distance at time step 43000: 5.97176e-06
L2 distance at time step 44000: 5.85481e-06
L2 distance at time step 45000: 5.74015e-06
L2 distance at time step 46000: 5.62773e-06
L2 distance at time step 47000: 5.51751e-06
L2 distance at time step 48000: 5.40945e-06
L2 distance at time step 49000: 5.30351e-06
L2 distance at time step 50000: 5.19964e-06
L2 distance at time step 51000: 5.09781e-06
L2 distance at time step 52000: 4.99797e-06
L2 distance at time step 53000: 4.90009e-06
L2 distance at time step 54000: 4.80412e-06
L2 distance at time step 55000: 4.71004e-06
L2 distance at time step 56000: 4.61779e-06
L2 distance at time step 57000: 4.52736e-06
L2 distance at time step 58000: 4.43869e-06
L2 distance at time step 59000: 4.35176e-06
L2 distance at time step 60000: 4.26653e-06
L2 distance at time step 61000: 4.18297e-06
L2 distance at time step 62000: 4.10105e-06
L2 distance at time step 63000: 4.02074e-06
L2 distance at time step 64000: 3.94199e-06
L2 distance at time step 65000: 3.86479e-06
L2 distance at time step 66000: 3.7891e-06
L2 distance at time step 67000: 3.71489e-06
L2 distance at time step 68000: 3.64214e-06
L2 distance at time step 69000: 3.57081e-06
L2 distance at time step 70000: 3.50087e-06
L2 distance at time step 71000: 3.43231e-06
L2 distance at time step 72000: 3.36509e-06
L2 distance at time step 73000: 3.29919e-06
L2 distance at time step 74000: 3.23457e-06
L2 distance at time step 75000: 3.17123e-06
L2 distance at time step 76000: 3.10912e-06
L2 distance at time step 77000: 3.04823e-06
L2 distance at time step 78000: 2.98853e-06
L2 distance at time step 79000: 2.93e-06
L2 distance at time step 80000: 2.87262e-06
L2 distance at time step 81000: 2.81636e-06
L2 distance at time step 82000: 2.7612e-06
L2 distance at time step 83000: 2.70713e-06
L2 distance at time step 84000: 2.65411e-06
L2 distance at time step 85000: 2.60213e-06
L2 distance at time step 86000: 2.55117e-06
L2 distance at time step 87000: 2.5012e-06
L2 distance at time step 88000: 2.45222e-06
L2 distance at time step 89000: 2.40419e-06
L2 distance at time step 90000: 2.35711e-06
L2 distance at time step 91000: 2.31094e-06
L2 distance at time step 92000: 2.26569e-06
L2 distance at time step 93000: 2.22131e-06
L2 distance at time step 94000: 2.17781e-06
L2 distance at time step 95000: 2.13516e-06
L2 distance at time step 96000: 2.09334e-06
L2 distance at time step 97000: 2.05235e-06
L2 distance at time step 98000: 2.01215e-06
L2 distance at time step 99000: 1.97274e-06
L2 distance at time step 100000: 1.93411e-06
L2 distance at time step 101000: 1.89623e-06
L2 distance at time step 102000: 1.85909e-06
L2 distance at time step 103000: 1.82268e-06
L2 distance at time step 104000: 1.78699e-06
L2 distance at time step 105000: 1.75199e-06
L2 distance at time step 106000: 1.71768e-06
L2 distance at time step 107000: 1.68404e-06
L2 distance at time step 108000: 1.65106e-06
L2 distance at time step 109000: 1.61872e-06
L2 distance at time step 110000: 1.58702e-06
L2 distance at time step 111000: 1.55594e-06
L2 distance at time step 112000: 1.52547e-06
L2 distance at time step 113000: 1.49559e-06
L2 distance at time step 114000: 1.4663e-06
L2 distance at time step 115000: 1.43758e-06
L2 distance at time step 116000: 1.40943e-06
L2 distance at time step 117000: 1.38183e-06
L2 distance at time step 118000: 1.35476e-06
L2 distance at time step 119000: 1.32823e-06
L2 distance at time step 120000: 1.30222e-06
L2 distance at time step 121000: 1.27671e-06
L2 distance at time step 122000: 1.25171e-06
L2 distance at time step 123000: 1.2272e-06
L2 distance at time step 124000: 1.20316e-06
L2 distance at time step 125000: 1.1796e-06
L2 distance at time step 126000: 1.1565e-06
L2 distance at time step 127000: 1.13385e-06
L2 distance at time step 128000: 1.11164e-06
L2 distance at time step 129000: 1.08987e-06
L2 distance at time step 130000: 1.06853e-06
L2 distance at time step 131000: 1.0476e-06
L2 distance at time step 132000: 1.02708e-06
L2 distance at time step 133000: 1.00697e-06
L2 distance at time step 134000: 9.87247e-07
L2 distance at time step 135000: 9.67912e-07
L2 distance at time step 136000: 9.48956e-07
L2 distance at time step 137000: 9.30371e-07
L2 distance at time step 138000: 9.1215e-07
L2 distance at time step 139000: 8.94286e-07
L2 distance at time step 140000: 8.76772e-07
L2 distance at time step 141000: 8.596e-07
L2 distance at time step 142000: 8.42766e-07
L2 distance at time step 143000: 8.2626e-07
L2 distance at time step 144000: 8.10078e-07
L2 distance at time step 145000: 7.94213e-07
L2 distance at time step 146000: 7.78659e-07
L2 distance at time step 147000: 7.63409e-07
L2 distance at time step 148000: 7.48458e-07
L2 distance at time step 149000: 7.338e-07
L2 distance at time step 150000: 7.19429e-07
L2 distance at time step 151000: 7.05339e-07
L2 distance at time step 152000: 6.91526e-07
L2 distance at time step 153000: 6.77982e-07
L2 distance at time step 154000: 6.64704e-07
L2 distance at time step 155000: 6.51686e-07
L2 distance at time step 156000: 6.38923e-07
L2 distance at time step 157000: 6.2641e-07
L2 distance at time step 158000: 6.14142e-07
L2 distance at time step 159000: 6.02115e-07
L2 distance at time step 160000: 5.90323e-07
L2 distance at time step 161000: 5.78761e-07
L2 distance at time step 162000: 5.67427e-07
L2 distance at time step 163000: 5.56314e-07
L2 distance at time step 164000: 5.45419e-07
L2 distance at time step 165000: 5.34737e-07
L2 distance at time step 166000: 5.24264e-07
L2 distance at time step 167000: 5.13997e-07
L2 distance at time step 168000: 5.0393e-07
L2 distance at time step 169000: 4.94061e-07
L2 distance at time step 170000: 4.84385e-07
L2 distance at time step 171000: 4.74899e-07
L2 distance at time step 172000: 4.65598e-07
L2 distance at time step 173000: 4.56479e-07
L2 distance at time step 174000: 4.4754e-07
L2 distance at time step 175000: 4.38775e-07
L2 distance at time step 176000: 4.30181e-07
L2 distance at time step 177000: 4.21757e-07
L2 distance at time step 178000: 4.13497e-07
L2 distance at time step 179000: 4.05398e-07
L2 distance at time step 180000: 3.97459e-07
L2 distance at time step 181000: 3.89675e-07
L2 distance at time step 182000: 3.82043e-07
L2 distance at time step 183000: 3.74561e-07
L2 distance at time step 184000: 3.67225e-07
L2 distance at time step 185000: 3.60034e-07
L2 distance at time step 186000: 3.52982e-07
L2 distance at time step 187000: 3.46069e-07
L2 distance at time step 188000: 3.39292e-07
L2 distance at time step 189000: 3.32647e-07
L2 distance at time step 190000: 3.26132e-07
L2 distance at time step 191000: 3.19745e-07
L2 distance at time step 192000: 3.13483e-07
L2 distance at time step 193000: 3.07344e-07
L2 distance at time step 194000: 3.01324e-07
L2 distance at time step 195000: 2.95423e-07
L2 distance at time step 196000: 2.89637e-07
L2 distance at time step 197000: 2.83965e-07
L2 distance at time step 198000: 2.78404e-07
L2 distance at time step 199000: 2.72951e-07
L2 distance at time step 200000: 2.67606e-07
L2 distance at time step 201000: 2.62365e-07
L2 distance at time step 202000: 2.57226e-07
L2 distance at time step 203000: 2.52189e-07
L2 distance at time step 204000: 2.4725e-07
L2 distance at time step 205000: 2.42407e-07
L2 distance at time step 206000: 2.3766e-07
L2 distance at time step 207000: 2.33005e-07
L2 distance at time step 208000: 2.28442e-07
L2 distance at time step 209000: 2.23968e-07
L2 distance at time step 210000: 2.19582e-07
L2 distance at time step 211000: 2.15281e-07
L2 distance at time step 212000: 2.11065e-07
L2 distance at time step 213000: 2.06932e-07
L2 distance at time step 214000: 2.02879e-07
L2 distance at time step 215000: 1.98906e-07
L2 distance at time step 216000: 1.9501e-07
L2 distance at time step 217000: 1.91191e-07
L2 distance at time step 218000: 1.87447e-07
L2 distance at time step 219000: 1.83776e-07
L2 distance at time step 220000: 1.80176e-07
L2 distance at time step 221000: 1.76648e-07
L2 distance at time step 222000: 1.73188e-07
L2 distance at time step 223000: 1.69796e-07
L2 distance at time step 224000: 1.66471e-07
L2 distance at time step 225000: 1.63211e-07
L2 distance at time step 226000: 1.60014e-07
L2 distance at time step 227000: 1.5688e-07
L2 distance at time step 228000: 1.53808e-07
L2 distance at time step 229000: 1.50796e-07
L2 distance at time step 230000: 1.47843e-07
L2 distance at time step 231000: 1.44947e-07
L2 distance at time step 232000: 1.42108e-07
L2 distance at time step 233000: 1.39325e-07
L2 distance at time step 234000: 1.36597e-07
L2 distance at time step 235000: 1.33921e-07
L2 distance at time step 236000: 1.31299e-07
L2 distance at time step 237000: 1.28727e-07
L2 distance at time step 238000: 1.26206e-07
L2 distance at time step 239000: 1.23734e-07
L2 distance at time step 240000: 1.21311e-07
L2 distance at time step 241000: 1.18935e-07
L2 distance at time step 242000: 1.16606e-07
L2 distance at time step 243000: 1.14322e-07
L2 distance at time step 244000: 1.12083e-07
L2 distance at time step 245000: 1.09888e-07
L2 distance at time step 246000: 1.07736e-07
L2 distance at time step 247000: 1.05626e-07
L2 distance at time step 248000: 1.03558e-07
L2 distance at time step 249000: 1.01529e-07
L2 distance at time step 250000: 9.95411e-08
L2 distance at time step 251000: 9.75916e-08
L2 distance at time step 252000: 9.56803e-08
L2 distance at time step 253000: 9.38064e-08
L2 distance at time step 254000: 9.19693e-08
L2 distance at time step 255000: 9.01681e-08
L2 distance at time step 256000: 8.84022e-08
L2 distance at time step 257000: 8.66709e-08
L2 distance at time step 258000: 8.49735e-08
L2 distance at time step 259000: 8.33093e-08
L2 distance at time step 260000: 8.16777e-08
L2 distance at time step 261000: 8.00781e-08
L2 distance at time step 262000: 7.85098e-08
L2 distance at time step 263000: 7.69722e-08
L2 distance at time step 264000: 7.54648e-08
L2 distance at time step 265000: 7.39868e-08
L2 distance at time step 266000: 7.25378e-08
L2 distance at time step 267000: 7.11172e-08
L2 distance at time step 268000: 6.97244e-08
L2 distance at time step 269000: 6.83589e-08
L2 distance at time step 270000: 6.70201e-08
L2 distance at time step 271000: 6.57075e-08
L2 distance at time step 272000: 6.44207e-08
L2 distance at time step 273000: 6.3159e-08
L2 distance at time step 274000: 6.19221e-08
L2 distance at time step 275000: 6.07094e-08
L2 distance at time step 276000: 5.95204e-08
L2 distance at time step 277000: 5.83547e-08
L2 distance at time step 278000: 5.72119e-08
L2 distance at time step 279000: 5.60914e-08
L2 distance at time step 280000: 5.49929e-08
L2 distance at time step 281000: 5.39159e-08
L2 distance at time step 282000: 5.286e-08
L2 distance at time step 283000: 5.18247e-08
L2 distance at time step 284000: 5.08098e-08
L2 distance at time step 285000: 4.98147e-08
L2 distance at time step 286000: 4.88391e-08
L2 distance at time step 287000: 4.78826e-08
L2 distance at time step 288000: 4.69448e-08
L2 distance at time step 289000: 4.60254e-08
L2 distance at time step 290000: 4.5124e-08
L2 distance at time step 291000: 4.42403e-08
L2 distance at time step 292000: 4.33739e-08
L2 distance at time step 293000: 4.25244e-08
L2 distance at time step 294000: 4.16916e-08
L2 distance at time step 295000: 4.08751e-08
L2 distance at time step 296000: 4.00746e-08
L2 distance at time step 297000: 3.92897e-08
L2 distance at time step 298000: 3.85202e-08
L2 distance at time step 299000: 3.77658e-08
L2 distance at time step 300000: 3.70262e-08
L2 distance at time step 301000: 3.63011e-08
L2 distance at time step 302000: 3.55901e-08
L2 distance at time step 303000: 3.48931e-08
L2 distance at time step 304000: 3.42098e-08
L2 distance at time step 305000: 3.35398e-08
L2 distance at time step 306000: 3.28829e-08
L2 distance at time step 307000: 3.22389e-08
L2 distance at time step 308000: 3.16075e-08
L2 distance at time step 309000: 3.09885e-08
L2 distance at time step 310000: 3.03816e-08
L2 distance at time step 311000: 2.97866e-08
L2 distance at time step 312000: 2.92032e-08
L2 distance at time step 313000: 2.86313e-08
L2 distance at time step 314000: 2.80706e-08
L2 distance at time step 315000: 2.75208e-08
L2 distance at time step 316000: 2.69818e-08
L2 distance at time step 317000: 2.64534e-08
L2 distance at time step 318000: 2.59353e-08
L2 distance at time step 319000: 2.54274e-08
L2 distance at time step 320000: 2.49294e-08
L2 distance at time step 321000: 2.44412e-08
L2 distance at time step 322000: 2.39625e-08
L2 distance at time step 323000: 2.34932e-08
L2 distance at time step 324000: 2.30331e-08
L2 distance at time step 325000: 2.2582e-08
L2 distance at time step 326000: 2.21398e-08
L2 distance at time step 327000: 2.17062e-08
L2 distance at time step 328000: 2.12811e-08
L2 distance at time step 329000: 2.08643e-08
L2 distance at time step 330000: 2.04557e-08
L2 distance at time step 331000: 2.00551e-08
L2 distance at time step 332000: 1.96623e-08
L2 distance at time step 333000: 1.92772e-08
L2 distance at time step 334000: 1.88997e-08
L2 distance at time step 335000: 1.85295e-08
L2 distance at time step 336000: 1.81666e-08
L2 distance at time step 337000: 1.78109e-08
L2 distance at time step 338000: 1.7462e-08
L2 distance at time step 339000: 1.712e-08
L2 distance at time step 340000: 1.67848e-08
L2 distance at time step 341000: 1.6456e-08
L2 distance at time step 342000: 1.61338e-08
L2 distance at time step 343000: 1.58178e-08
L2 distance at time step 344000: 1.5508e-08
L2 distance at time step 345000: 1.52043e-08
L2 distance at time step 346000: 1.49065e-08
L2 distance at time step 347000: 1.46146e-08
L2 distance at time step 348000: 1.43284e-08
L2 distance at time step 349000: 1.40477e-08
L2 distance at time step 350000: 1.37726e-08
L2 distance at time step 351000: 1.35029e-08
L2 distance at time step 352000: 1.32384e-08
L2 distance at time step 353000: 1.29792e-08
L2 distance at time step 354000: 1.2725e-08
L2 distance at time step 355000: 1.24758e-08
L2 distance at time step 356000: 1.22314e-08
L2 distance at time step 357000: 1.19919e-08
L2 distance at time step 358000: 1.1757e-08
L2 distance at time step 359000: 1.15268e-08
L2 distance at time step 360000: 1.1301e-08
L2 distance at time step 361000: 1.10797e-08
L2 distance at time step 362000: 1.08627e-08
L2 distance at time step 363000: 1.065e-08
L2 distance at time step 364000: 1.04414e-08
L2 distance at time step 365000: 1.02369e-08
L2 distance at time step 366000: 1.00364e-08
Converged after 366185 time steps.
Elapsed time: 6673023 microseconds
Final L2 loss: 0.000503253
Number of time steps: 366185
All Steps completed.
