Starting GPU MPI job
slurmstepd-t004-003: error: *** JOB 87533 ON t004-003 CANCELLED AT 2024-11-15T23:05:30 DUE TO TIME LIMIT ***
srun: Job step aborted: Waiting up to 32 seconds for job step to finish.
slurmstepd-t004-003: error: *** STEP 87533.0 ON t004-003 CANCELLED AT 2024-11-15T23:05:30 DUE TO TIME LIMIT ***

----------------------------------------------------------------------
Omnistat Report Card for Job # 87533
----------------------------------------------------------------------

Job Overview (Num Nodes = 1, Machine = HPC Fund)
 --> Start time = 2024-11-15 23:02:00
 --> End   time = 2024-11-15 23:06:00

GPU Statistics:

           | Utilization (%)  |  Memory Use (%)  | Temperature (C)  |    Power (W)     |
     GPU # |    Max     Mean  |    Max     Mean  |    Max     Mean  |    Max     Mean  |
    ------------------------------------------------------------------------------------
         0 |    9.00    7.12  |    0.51    0.51  |   50.00   49.00  |   60.00   60.00  |
         1 |    9.00    8.00  |    0.51    0.51  |   44.00   43.75  |   63.00   62.75  |
         2 |   10.00    8.75  |    0.51    0.51  |   42.00   41.50  |   62.00   62.00  |
         3 |    9.00    8.88  |    0.51    0.51  |   45.00   44.50  |   60.00   60.00  |

Approximate Total GPU Energy Consumed = 0.01 kWh

--
Query interval = 30 secs
Query execution time = 0.2 secs
Version = 1.0.0
