Starting GPU job
Iteration 0, L2 distance: 0.0178487, Time: 0.000345945 seconds
Iteration 1000, L2 distance: 0.000153858, Time: 2.09808e-05 seconds
Iteration 2000, L2 distance: 7.14655e-05, Time: 2.09808e-05 seconds
Iteration 3000, L2 distance: 3.78253e-05, Time: 2.00272e-05 seconds
Iteration 4000, L2 distance: 2.26555e-05, Time: 1.97887e-05 seconds
Iteration 5000, L2 distance: 1.50045e-05, Time: 2.09808e-05 seconds
Iteration 6000, L2 distance: 1.05272e-05, Time: 2.12193e-05 seconds
Iteration 7000, L2 distance: 7.58087e-06, Time: 2.09808e-05 seconds
Iteration 8000, L2 distance: 5.51646e-06, Time: 2.00272e-05 seconds
Iteration 9000, L2 distance: 4.03022e-06, Time: 2.00272e-05 seconds
Iteration 10000, L2 distance: 2.94878e-06, Time: 2.09808e-05 seconds
Iteration 11000, L2 distance: 2.15871e-06, Time: 2.00272e-05 seconds
Iteration 12000, L2 distance: 1.58064e-06, Time: 2.12193e-05 seconds
Iteration 13000, L2 distance: 1.15746e-06, Time: 2.09808e-05 seconds

Results:
Initial memory transfer time: 0.274218 seconds
Total iterations: 13471
Final L2 error: 0.0031801
Total time: 1.35204 seconds
Compute time: 0.281961 seconds
Memory bandwidth: 6.54229e+10 GB/s

Performance Metrics:
Main Iteration Kernel:
  Arithmetic Intensity: 8.20915e-11 FLOPS/byte
  Bandwidth: 6.54229e+10 GB/s
  FLOPS: 5.37067e+09 FLOPS/s
  Time: 0.281961 seconds

Convergence Check:
  Arithmetic Intensity: 0.1875 FLOPS/byte
  Bandwidth: 13.2236 GB/s
  FLOPS: 2.47942e+09 FLOPS/s
  Time: 0.639001 seconds

Communication:
  Time: 0.426821 seconds
Debug Info:
  Points processed per iteration: 39204
  Total bytes accessed: 1.84467e+19
  Compute time (s): 0.281961
Achieved Bandwidth: 104.889 GB/s
All Steps completed.
