Starting GPU job
Iteration 0, L2 distance: 0.0178487, Time: 0.00032976 seconds
Iteration 1000, L2 distance: 0.000153858, Time: 1.488e-05 seconds
Iteration 2000, L2 distance: 7.14655e-05, Time: 1.456e-05 seconds
Iteration 3000, L2 distance: 3.78253e-05, Time: 1.472e-05 seconds
Iteration 4000, L2 distance: 2.26555e-05, Time: 1.488e-05 seconds
Iteration 5000, L2 distance: 1.50045e-05, Time: 1.472e-05 seconds
Iteration 6000, L2 distance: 1.05272e-05, Time: 1.488e-05 seconds
Iteration 7000, L2 distance: 7.58087e-06, Time: 1.52e-05 seconds
Iteration 8000, L2 distance: 5.51646e-06, Time: 1.504e-05 seconds
Iteration 9000, L2 distance: 4.03022e-06, Time: 1.472e-05 seconds
Iteration 10000, L2 distance: 2.94878e-06, Time: 1.488e-05 seconds
Iteration 11000, L2 distance: 2.15871e-06, Time: 1.536e-05 seconds
Iteration 12000, L2 distance: 1.58064e-06, Time: 1.536e-05 seconds
Iteration 13000, L2 distance: 1.15746e-06, Time: 1.488e-05 seconds

Results:
Initial memory transfer time: 0.273225 seconds
Total iterations: 13471
Final L2 error: 0.0031801
Total time: 1.47178 seconds
Compute time: 0.203577 seconds
Memory bandwidth: 9.06133e+10 GB/s

Performance Metrics:
Main Iteration Kernel:
  Arithmetic Intensity: 0.25 FLOPS/byte
  Bandwidth: 124.521 GB/s
  FLOPS: 3.11303e+10 FLOPS/s
  Time: 0.203577 seconds

Convergence Check:
  Arithmetic Intensity: 0.1875 FLOPS/byte
  Bandwidth: 12.6253 GB/s
  FLOPS: 2.36725e+09 FLOPS/s
  Time: 0.669279 seconds

Communication:
  Time: 0.438293 seconds
Debug Info:
  Points processed per iteration: 39204
  Total bytes accessed: 2.53496e+10
  Compute time (s): 0.203577
Achieved Bandwidth: 124.521 GB/s

Roofline Model Metrics:
Peak Memory Bandwidth: 1638.4 GB/s
Peak Compute: 22630.4 GFLOPS
Ridge Point: 13.8125 FLOPS/byte
Achieved Arithmetic Intensity: 0.25 FLOPS/byte
Memory or Compute Bound: Memory bound
All Steps completed.
