Starting GPU job
Iteration 0, L2 distance: 0.0178487, Time: 0.000360966 seconds
Iteration 1000, L2 distance: 0.000153858, Time: 2.38419e-05 seconds
Iteration 2000, L2 distance: 7.14655e-05, Time: 2.38419e-05 seconds
Iteration 3000, L2 distance: 3.78253e-05, Time: 2.40803e-05 seconds
Iteration 4000, L2 distance: 2.26555e-05, Time: 2.5034e-05 seconds
Iteration 5000, L2 distance: 1.50045e-05, Time: 2.38419e-05 seconds
Iteration 6000, L2 distance: 1.05272e-05, Time: 2.5034e-05 seconds
Iteration 7000, L2 distance: 7.58087e-06, Time: 2.5034e-05 seconds
Iteration 8000, L2 distance: 5.51646e-06, Time: 2.47955e-05 seconds
Iteration 9000, L2 distance: 4.03022e-06, Time: 2.5034e-05 seconds
Iteration 10000, L2 distance: 2.94878e-06, Time: 2.40803e-05 seconds
Iteration 11000, L2 distance: 2.15871e-06, Time: 2.40803e-05 seconds
Iteration 12000, L2 distance: 1.58064e-06, Time: 2.40803e-05 seconds
Iteration 13000, L2 distance: 1.15746e-06, Time: 2.38419e-05 seconds

Results:
Initial memory transfer time: 0.23978 seconds
Total iterations: 13471
Final L2 error: 0.0031801
Total time: 1.18347 seconds
Compute time: 0.326795 seconds
Memory bandwidth: 5.64474e+10 GB/s
All Steps completed.
