Starting GPU MPI job
Rank 3 using GPU 3 (local rank 3)
Number of available GPUs: 4
Rank 0 using GPU 0 (local rank 0)

Results:
Initial memory transfer time: nan seconds
Total iterations: 4453
Final L2 difference: 9.99435e-07
Total time: 0.423907 seconds
Compute time: 0 seconds
Aggregate Memory bandwidth: inf GB/s

Detailed Performance Breakdown:
GPU Computation: 0.0627 seconds
MPI Communication: 0.0163 seconds
Memory Transfers: 0.0831 seconds
Convergence Checks: 0.2076 seconds
Iterations: 4453
Time per iteration: 0.000083 seconds
Rank 1 using GPU 1 (local rank 1)
Rank 2 using GPU 2 (local rank 2)
All Steps completed.
